<?xml version="1.0" encoding="UTF-8"?>
<robot generator="Robot 7.1.1 (Python 3.13.0 on win32)" generated="2024-11-11T21:18:27.695652" rpa="false" schemaversion="5">
<suite id="s1" name="Login Steps" source="c:\Users\AMIGO URSO27.06\Desktop\projeto_robot\test\login_steps.robot">
<test id="s1-t1" name="Seccessful Login" line="14">
<kw name="Open Browser" owner="SeleniumLibrary" type="SETUP">
<msg time="2024-11-11T21:18:28.070045" level="INFO">Opening browser 'chrome' to base url 'None'.</msg>
<arg>browser=chrome</arg>
<doc>Opens a new browser instance to the optional ``url``.</doc>
<status status="PASS" start="2024-11-11T21:18:28.069498" elapsed="1.714943"/>
</kw>
<kw name="I navigate to the login page" owner="login_keywords">
<kw name="Go To" owner="SeleniumLibrary">
<msg time="2024-11-11T21:18:29.794517" level="INFO">Opening url 'https://www.saucedemo.com/'</msg>
<arg>${URL}</arg>
<doc>Navigates the current browser window to the provided ``url``.</doc>
<status status="PASS" start="2024-11-11T21:18:29.793796" elapsed="3.327776"/>
</kw>
<arg>${URL}</arg>
<status status="PASS" start="2024-11-11T21:18:29.791946" elapsed="3.330328"/>
</kw>
<kw name="I input correct credentials" owner="login_keywords">
<kw name="Wait Until Element Is Visible" owner="SeleniumLibrary">
<arg>id=user-name</arg>
<doc>Waits until the element ``locator`` is visible.</doc>
<status status="PASS" start="2024-11-11T21:18:33.135024" elapsed="0.059367"/>
</kw>
<kw name="Input Text" owner="SeleniumLibrary">
<msg time="2024-11-11T21:18:33.196205" level="INFO">Typing text 'standard_user' into text field 'id=user-name'.</msg>
<arg>id=user-name</arg>
<arg>${USERNAME}</arg>
<doc>Types the given ``text`` into the text field identified by ``locator``.</doc>
<status status="PASS" start="2024-11-11T21:18:33.195422" elapsed="0.211356"/>
</kw>
<kw name="Input Text" owner="SeleniumLibrary">
<msg time="2024-11-11T21:18:33.409726" level="INFO">Typing text 'secret_sauce' into text field 'id=password'.</msg>
<arg>id=password</arg>
<arg>${PASSWORD}</arg>
<doc>Types the given ``text`` into the text field identified by ``locator``.</doc>
<status status="PASS" start="2024-11-11T21:18:33.408105" elapsed="0.210643"/>
</kw>
<arg>${USERNAME}</arg>
<arg>${PASSWORD}</arg>
<status status="PASS" start="2024-11-11T21:18:33.133691" elapsed="0.485631"/>
</kw>
<kw name="I click on the login button" owner="login_keywords">
<kw name="Click Button" owner="SeleniumLibrary">
<msg time="2024-11-11T21:18:33.628430" level="INFO">Clicking button 'id=login-button'.</msg>
<arg>id=login-button</arg>
<doc>Clicks the button identified by ``locator``.</doc>
<status status="PASS" start="2024-11-11T21:18:33.627675" elapsed="0.241516"/>
</kw>
<status status="PASS" start="2024-11-11T21:18:33.626700" elapsed="0.242924"/>
</kw>
<kw name="I am able view the home page" owner="login_keywords">
<kw name="Get Location" owner="SeleniumLibrary">
<msg time="2024-11-11T21:18:33.892682" level="INFO">${location} = https://www.saucedemo.com/inventory.html</msg>
<var>${location}</var>
<doc>Returns the current browser window URL.</doc>
<status status="PASS" start="2024-11-11T21:18:33.872037" elapsed="0.021102"/>
</kw>
<kw name="Should Be Equal" owner="BuiltIn">
<arg>${location}</arg>
<arg>https://www.saucedemo.com/inventory.html</arg>
<doc>Fails if the given objects are unequal.</doc>
<status status="PASS" start="2024-11-11T21:18:33.893589" elapsed="0.000684"/>
</kw>
<status status="PASS" start="2024-11-11T21:18:33.871000" elapsed="0.023593"/>
</kw>
<status status="PASS" start="2024-11-11T21:18:28.067272" elapsed="5.828226"/>
</test>
<test id="s1-t2" name="Unseccessful Login - No credentials" line="20">
<kw name="Open Browser" owner="SeleniumLibrary" type="SETUP">
<msg time="2024-11-11T21:18:33.900162" level="INFO">Opening browser 'chrome' to base url 'None'.</msg>
<arg>browser=chrome</arg>
<doc>Opens a new browser instance to the optional ``url``.</doc>
<status status="PASS" start="2024-11-11T21:18:33.899490" elapsed="1.513258"/>
</kw>
<kw name="I navigate to the login page" owner="login_keywords">
<kw name="Go To" owner="SeleniumLibrary">
<msg time="2024-11-11T21:18:35.418368" level="INFO">Opening url 'https://www.saucedemo.com/'</msg>
<arg>${URL}</arg>
<doc>Navigates the current browser window to the provided ``url``.</doc>
<status status="PASS" start="2024-11-11T21:18:35.417617" elapsed="2.457210"/>
</kw>
<arg>${URL}</arg>
<status status="PASS" start="2024-11-11T21:18:35.416273" elapsed="2.459162"/>
</kw>
<kw name="I input no credentials" owner="login_keywords">
<kw name="Wait Until Element Is Visible" owner="SeleniumLibrary">
<arg>id=user-name</arg>
<doc>Waits until the element ``locator`` is visible.</doc>
<status status="PASS" start="2024-11-11T21:18:37.882941" elapsed="1.088747"/>
</kw>
<status status="PASS" start="2024-11-11T21:18:37.882040" elapsed="1.090036"/>
</kw>
<kw name="I click on the login button" owner="login_keywords">
<kw name="Click Button" owner="SeleniumLibrary">
<msg time="2024-11-11T21:18:38.974529" level="INFO">Clicking button 'id=login-button'.</msg>
<arg>id=login-button</arg>
<doc>Clicks the button identified by ``locator``.</doc>
<status status="PASS" start="2024-11-11T21:18:38.974085" elapsed="0.132391"/>
</kw>
<status status="PASS" start="2024-11-11T21:18:38.973258" elapsed="0.133701"/>
</kw>
<kw name="I am able to see the expected error message" owner="login_keywords">
<kw name="Wait Until Element Contains" owner="SeleniumLibrary">
<arg>class=error-message-container</arg>
<arg>${ERROR_MESSAGE}</arg>
<doc>Waits until the element ``locator`` contains ``text``.</doc>
<status status="PASS" start="2024-11-11T21:18:39.113095" elapsed="0.051887"/>
</kw>
<arg>Epic sadface: Username is required</arg>
<status status="PASS" start="2024-11-11T21:18:39.112108" elapsed="0.053298"/>
</kw>
<status status="PASS" start="2024-11-11T21:18:33.898258" elapsed="5.268114"/>
</test>
<test id="s1-t3" name="Unseccessful Login - No Username" line="26">
<kw name="Open Browser" owner="SeleniumLibrary" type="SETUP">
<msg time="2024-11-11T21:18:39.171119" level="INFO">Opening browser 'chrome' to base url 'None'.</msg>
<arg>browser=chrome</arg>
<doc>Opens a new browser instance to the optional ``url``.</doc>
<status status="PASS" start="2024-11-11T21:18:39.170436" elapsed="1.836446"/>
</kw>
<kw name="I navigate to the login page" owner="login_keywords">
<kw name="Go To" owner="SeleniumLibrary">
<msg time="2024-11-11T21:18:41.013400" level="INFO">Opening url 'https://www.saucedemo.com/'</msg>
<arg>${URL}</arg>
<doc>Navigates the current browser window to the provided ``url``.</doc>
<status status="PASS" start="2024-11-11T21:18:41.012792" elapsed="3.777656"/>
</kw>
<arg>${URL}</arg>
<status status="PASS" start="2024-11-11T21:18:41.011750" elapsed="3.779304"/>
</kw>
<kw name="I input only the password" owner="login_keywords">
<kw name="Wait Until Element Is Visible" owner="SeleniumLibrary">
<arg>id=user-name</arg>
<doc>Waits until the element ``locator`` is visible.</doc>
<status status="PASS" start="2024-11-11T21:18:44.814507" elapsed="0.362156"/>
</kw>
<kw name="Input Text" owner="SeleniumLibrary">
<msg time="2024-11-11T21:18:45.178308" level="INFO">Typing text 'secret_sauce' into text field 'id=password'.</msg>
<arg>id=password</arg>
<arg>${PASSWORD}</arg>
<doc>Types the given ``text`` into the text field identified by ``locator``.</doc>
<status status="PASS" start="2024-11-11T21:18:45.177387" elapsed="0.925233"/>
</kw>
<arg>${PASSWORD}</arg>
<status status="PASS" start="2024-11-11T21:18:44.813408" elapsed="1.289885"/>
</kw>
<kw name="I click on the login button" owner="login_keywords">
<kw name="Click Button" owner="SeleniumLibrary">
<msg time="2024-11-11T21:18:46.108601" level="INFO">Clicking button 'id=login-button'.</msg>
<arg>id=login-button</arg>
<doc>Clicks the button identified by ``locator``.</doc>
<status status="PASS" start="2024-11-11T21:18:46.107891" elapsed="0.225604"/>
</kw>
<status status="PASS" start="2024-11-11T21:18:46.106836" elapsed="0.227221"/>
</kw>
<kw name="I am able to see the expected error message" owner="login_keywords">
<kw name="Wait Until Element Contains" owner="SeleniumLibrary">
<arg>class=error-message-container</arg>
<arg>${ERROR_MESSAGE}</arg>
<doc>Waits until the element ``locator`` contains ``text``.</doc>
<status status="PASS" start="2024-11-11T21:18:46.337561" elapsed="0.108587"/>
</kw>
<arg>Epic sadface: Username is required</arg>
<status status="PASS" start="2024-11-11T21:18:46.336100" elapsed="0.110565"/>
</kw>
<status status="PASS" start="2024-11-11T21:18:39.169159" elapsed="7.278621"/>
</test>
<test id="s1-t4" name="Unseccessful Login - No Password" line="32">
<kw name="Open Browser" owner="SeleniumLibrary" type="SETUP">
<msg time="2024-11-11T21:18:46.457146" level="INFO">Opening browser 'chrome' to base url 'None'.</msg>
<arg>browser=chrome</arg>
<doc>Opens a new browser instance to the optional ``url``.</doc>
<status status="PASS" start="2024-11-11T21:18:46.455718" elapsed="4.614988"/>
</kw>
<kw name="I navigate to the login page" owner="login_keywords">
<kw name="Go To" owner="SeleniumLibrary">
<msg time="2024-11-11T21:18:51.117952" level="INFO">Opening url 'https://www.saucedemo.com/'</msg>
<arg>${URL}</arg>
<doc>Navigates the current browser window to the provided ``url``.</doc>
<status status="PASS" start="2024-11-11T21:18:51.116332" elapsed="4.070587"/>
</kw>
<arg>${URL}</arg>
<status status="PASS" start="2024-11-11T21:18:51.114689" elapsed="4.072773"/>
</kw>
<kw name="I input only the Username" owner="login_keywords">
<kw name="Wait Until Element Is Visible" owner="SeleniumLibrary">
<arg>id=user-name</arg>
<doc>Waits until the element ``locator`` is visible.</doc>
<status status="PASS" start="2024-11-11T21:18:55.192340" elapsed="0.097264"/>
</kw>
<kw name="Input Text" owner="SeleniumLibrary">
<msg time="2024-11-11T21:18:55.291510" level="INFO">Typing text 'standard_user' into text field 'id=user-name'.</msg>
<arg>id=user-name</arg>
<arg>${USERNAME}</arg>
<doc>Types the given ``text`` into the text field identified by ``locator``.</doc>
<status status="PASS" start="2024-11-11T21:18:55.290572" elapsed="0.259814"/>
</kw>
<arg>${USERNAME}</arg>
<status status="PASS" start="2024-11-11T21:18:55.191322" elapsed="0.359604"/>
</kw>
<kw name="I click on the login button" owner="login_keywords">
<kw name="Click Button" owner="SeleniumLibrary">
<msg time="2024-11-11T21:18:55.554694" level="INFO">Clicking button 'id=login-button'.</msg>
<arg>id=login-button</arg>
<doc>Clicks the button identified by ``locator``.</doc>
<status status="PASS" start="2024-11-11T21:18:55.553953" elapsed="0.641215"/>
</kw>
<status status="PASS" start="2024-11-11T21:18:55.552968" elapsed="0.644029"/>
</kw>
<kw name="I am able to see the expected error message" owner="login_keywords">
<kw name="Wait Until Element Contains" owner="SeleniumLibrary">
<arg>class=error-message-container</arg>
<arg>${ERROR_MESSAGE}</arg>
<doc>Waits until the element ``locator`` contains ``text``.</doc>
<status status="PASS" start="2024-11-11T21:18:56.238455" elapsed="0.322925"/>
</kw>
<arg>Epic sadface: Password is required</arg>
<status status="PASS" start="2024-11-11T21:18:56.236186" elapsed="0.325682"/>
</kw>
<status status="PASS" start="2024-11-11T21:18:46.453421" elapsed="10.113263"/>
</test>
<test id="s1-t5" name="Unseccessful Login - Wrong Credentials" line="38">
<kw name="Open Browser" owner="SeleniumLibrary" type="SETUP">
<msg time="2024-11-11T21:18:56.570856" level="INFO">Opening browser 'chrome' to base url 'None'.</msg>
<arg>browser=chrome</arg>
<doc>Opens a new browser instance to the optional ``url``.</doc>
<status status="PASS" start="2024-11-11T21:18:56.570113" elapsed="5.801604"/>
</kw>
<kw name="I navigate to the login page" owner="login_keywords">
<kw name="Go To" owner="SeleniumLibrary">
<msg time="2024-11-11T21:19:02.604986" level="INFO">Opening url 'https://www.saucedemo.com/'</msg>
<arg>${URL}</arg>
<doc>Navigates the current browser window to the provided ``url``.</doc>
<status status="PASS" start="2024-11-11T21:19:02.604169" elapsed="4.161464"/>
</kw>
<arg>${URL}</arg>
<status status="PASS" start="2024-11-11T21:19:02.601143" elapsed="4.165410"/>
</kw>
<kw name="I input wrong credentials" owner="login_keywords">
<kw name="Wait Until Element Is Visible" owner="SeleniumLibrary">
<arg>id=user-name</arg>
<doc>Waits until the element ``locator`` is visible.</doc>
<status status="PASS" start="2024-11-11T21:19:06.772502" elapsed="0.072535"/>
</kw>
<kw name="Input Text" owner="SeleniumLibrary">
<msg time="2024-11-11T21:19:06.846815" level="INFO">Typing text 'test' into text field 'id=user-name'.</msg>
<arg>id=user-name</arg>
<arg>${WRONG_USERNAME}</arg>
<doc>Types the given ``text`` into the text field identified by ``locator``.</doc>
<status status="PASS" start="2024-11-11T21:19:06.845792" elapsed="0.236385"/>
</kw>
<kw name="Input Text" owner="SeleniumLibrary">
<msg time="2024-11-11T21:19:07.083752" level="INFO">Typing text 'test' into text field 'id=password'.</msg>
<arg>id=password</arg>
<arg>${WRONG_PASSWORD}</arg>
<doc>Types the given ``text`` into the text field identified by ``locator``.</doc>
<status status="PASS" start="2024-11-11T21:19:07.082872" elapsed="0.178279"/>
</kw>
<arg>test</arg>
<arg>test</arg>
<status status="PASS" start="2024-11-11T21:19:06.770298" elapsed="0.491349"/>
</kw>
<kw name="I click on the login button" owner="login_keywords">
<kw name="Click Button" owner="SeleniumLibrary">
<msg time="2024-11-11T21:19:07.267411" level="INFO">Clicking button 'id=login-button'.</msg>
<arg>id=login-button</arg>
<doc>Clicks the button identified by ``locator``.</doc>
<status status="PASS" start="2024-11-11T21:19:07.266645" elapsed="0.180041"/>
</kw>
<status status="PASS" start="2024-11-11T21:19:07.265537" elapsed="0.182053"/>
</kw>
<kw name="I am able to see the expected error message" owner="login_keywords">
<kw name="Wait Until Element Contains" owner="SeleniumLibrary">
<arg>class=error-message-container</arg>
<arg>${ERROR_MESSAGE}</arg>
<doc>Waits until the element ``locator`` contains ``text``.</doc>
<status status="PASS" start="2024-11-11T21:19:07.449831" elapsed="0.066211"/>
</kw>
<arg>Epic sadface: Username and password do not match any user in this service</arg>
<status status="PASS" start="2024-11-11T21:19:07.448754" elapsed="0.067862"/>
</kw>
<status status="PASS" start="2024-11-11T21:18:56.568722" elapsed="10.949136"/>
</test>
<status status="PASS" start="2024-11-11T21:18:27.702864" elapsed="39.818221"/>
</suite>
<statistics>
<total>
<stat pass="5" fail="0" skip="0">All Tests</stat>
</total>
<tag>
</tag>
<suite>
<stat pass="5" fail="0" skip="0" id="s1" name="Login Steps">Login Steps</stat>
</suite>
</statistics>
<errors>
</errors>
</robot>
