<?xml version="1.0" encoding="UTF-8"?>
<robot generator="Robot 7.1.1 (Python 3.13.0 on win32)" generated="2024-11-15T19:57:46.662504" rpa="false" schemaversion="5">
<suite id="s1" name="Login Steps" source="c:\Users\AMIGO URSO27.06\Desktop\projeto_robot\test\login_steps.robot">
<kw name="Open Browser" owner="SeleniumLibrary" type="SETUP">
<msg time="2024-11-15T19:57:47.200428" level="INFO">Opening browser 'chrome' to base url 'None'.</msg>
<arg>browser=chrome</arg>
<doc>Opens a new browser instance to the optional ``url``.</doc>
<status status="PASS" start="2024-11-15T19:57:47.199818" elapsed="1.900807"/>
</kw>
<test id="s1-t1" name="Seccessful Login" line="6">
<kw name="I navigate to the login page" owner="login_keywords">
<kw name="Go To" owner="SeleniumLibrary">
<msg time="2024-11-15T19:57:49.103756" level="INFO">Opening url 'https://www.saucedemo.com'</msg>
<arg>${URL_DATA["baseUrl"]}</arg>
<doc>Navigates the current browser window to the provided ``url``.</doc>
<status status="PASS" start="2024-11-15T19:57:49.102862" elapsed="3.297563"/>
</kw>
<status status="PASS" start="2024-11-15T19:57:49.102097" elapsed="3.298877"/>
</kw>
<kw name="I input correct credentials" owner="login_keywords">
<kw name="Wait Until Element Is Visible" owner="SeleniumLibrary">
<arg>id=user-name</arg>
<doc>Waits until the element ``locator`` is visible.</doc>
<status status="PASS" start="2024-11-15T19:57:52.403038" elapsed="0.060630"/>
</kw>
<kw name="Input Text" owner="SeleniumLibrary">
<msg time="2024-11-15T19:57:52.466377" level="INFO">Typing text 'standard_user' into text field 'id=user-name'.</msg>
<arg>id=user-name</arg>
<arg>${LOGIN_DATA["correctData"]["username"]}</arg>
<doc>Types the given ``text`` into the text field identified by ``locator``.</doc>
<status status="PASS" start="2024-11-15T19:57:52.464367" elapsed="0.212330"/>
</kw>
<kw name="Input Text" owner="SeleniumLibrary">
<msg time="2024-11-15T19:57:52.677868" level="INFO">Typing text 'secret_sauce' into text field 'id=password'.</msg>
<arg>id=password</arg>
<arg>${LOGIN_DATA["correctData"]["password"]}</arg>
<doc>Types the given ``text`` into the text field identified by ``locator``.</doc>
<status status="PASS" start="2024-11-15T19:57:52.677073" elapsed="0.160218"/>
</kw>
<status status="PASS" start="2024-11-15T19:57:52.401972" elapsed="0.435632"/>
</kw>
<kw name="I click on the login button" owner="login_keywords">
<kw name="Click Button" owner="SeleniumLibrary">
<msg time="2024-11-15T19:57:52.842478" level="INFO">Clicking button 'id=login-button'.</msg>
<arg>id=login-button</arg>
<doc>Clicks the button identified by ``locator``.</doc>
<status status="PASS" start="2024-11-15T19:57:52.842104" elapsed="0.223002"/>
</kw>
<status status="PASS" start="2024-11-15T19:57:52.841229" elapsed="0.224310"/>
</kw>
<kw name="I am able view the home page" owner="login_keywords">
<kw name="Get Location" owner="SeleniumLibrary">
<msg time="2024-11-15T19:57:53.086024" level="INFO">${location} = https://www.saucedemo.com/inventory.html</msg>
<var>${location}</var>
<doc>Returns the current browser window URL.</doc>
<status status="PASS" start="2024-11-15T19:57:53.067488" elapsed="0.018769"/>
</kw>
<kw name="Wait Until Element Is Visible" owner="SeleniumLibrary">
<arg>class=header_secondary_container</arg>
<doc>Waits until the element ``locator`` is visible.</doc>
<status status="PASS" start="2024-11-15T19:57:53.086539" elapsed="0.033849"/>
</kw>
<kw name="Catenate" owner="BuiltIn">
<msg time="2024-11-15T19:57:53.122130" level="INFO">${full_url} = https://www.saucedemo.com/inventory.html</msg>
<var>${full_url}</var>
<arg>SEPARATOR=</arg>
<arg>${URL_DATA["baseUrl"]}</arg>
<arg>${URL_DATA["inventoryUrl"]}</arg>
<doc>Catenates the given items together and returns the resulted string.</doc>
<status status="PASS" start="2024-11-15T19:57:53.120734" elapsed="0.001738"/>
</kw>
<kw name="Should Be Equal" owner="BuiltIn">
<arg>${location}</arg>
<arg>${full_url}</arg>
<doc>Fails if the given objects are unequal.</doc>
<status status="PASS" start="2024-11-15T19:57:53.122888" elapsed="0.001120"/>
</kw>
<status status="PASS" start="2024-11-15T19:57:53.066528" elapsed="0.057871"/>
</kw>
<status status="PASS" start="2024-11-15T19:57:49.101019" elapsed="4.028234"/>
</test>
<test id="s1-t2" name="Unseccessful Login - No credentials" line="12">
<kw name="I navigate to the login page" owner="login_keywords">
<kw name="Go To" owner="SeleniumLibrary">
<msg time="2024-11-15T19:57:53.135335" level="INFO">Opening url 'https://www.saucedemo.com'</msg>
<arg>${URL_DATA["baseUrl"]}</arg>
<doc>Navigates the current browser window to the provided ``url``.</doc>
<status status="PASS" start="2024-11-15T19:57:53.134113" elapsed="0.219589"/>
</kw>
<status status="PASS" start="2024-11-15T19:57:53.133332" elapsed="0.220987"/>
</kw>
<kw name="I input no credentials" owner="login_keywords">
<kw name="Wait Until Element Is Visible" owner="SeleniumLibrary">
<arg>id=user-name</arg>
<doc>Waits until the element ``locator`` is visible.</doc>
<status status="PASS" start="2024-11-15T19:57:53.358145" elapsed="0.035116"/>
</kw>
<status status="PASS" start="2024-11-15T19:57:53.355427" elapsed="0.038705"/>
</kw>
<kw name="I click on the login button" owner="login_keywords">
<kw name="Click Button" owner="SeleniumLibrary">
<msg time="2024-11-15T19:57:53.397468" level="INFO">Clicking button 'id=login-button'.</msg>
<arg>id=login-button</arg>
<doc>Clicks the button identified by ``locator``.</doc>
<status status="PASS" start="2024-11-15T19:57:53.397111" elapsed="0.120810"/>
</kw>
<status status="PASS" start="2024-11-15T19:57:53.396372" elapsed="0.121823"/>
</kw>
<kw name="I am able to see the expected error message for no credentials" owner="login_keywords">
<kw name="Wait Until Element Contains" owner="SeleniumLibrary">
<arg>class=error-message-container</arg>
<arg>${ERROR_MESSAGES["noCredentials"]}</arg>
<doc>Waits until the element ``locator`` contains ``text``.</doc>
<status status="PASS" start="2024-11-15T19:57:53.519879" elapsed="0.049902"/>
</kw>
<status status="PASS" start="2024-11-15T19:57:53.518976" elapsed="0.051102"/>
</kw>
<status status="PASS" start="2024-11-15T19:57:53.132205" elapsed="0.438601"/>
</test>
<test id="s1-t3" name="Unseccessful Login - No Username" line="18">
<kw name="I navigate to the login page" owner="login_keywords">
<kw name="Go To" owner="SeleniumLibrary">
<msg time="2024-11-15T19:57:53.580515" level="INFO">Opening url 'https://www.saucedemo.com'</msg>
<arg>${URL_DATA["baseUrl"]}</arg>
<doc>Navigates the current browser window to the provided ``url``.</doc>
<status status="PASS" start="2024-11-15T19:57:53.578840" elapsed="0.202130"/>
</kw>
<status status="PASS" start="2024-11-15T19:57:53.575927" elapsed="0.205485"/>
</kw>
<kw name="I input only the password" owner="login_keywords">
<kw name="Wait Until Element Is Visible" owner="SeleniumLibrary">
<arg>id=user-name</arg>
<doc>Waits until the element ``locator`` is visible.</doc>
<status status="PASS" start="2024-11-15T19:57:53.783226" elapsed="0.064419"/>
</kw>
<kw name="Input Text" owner="SeleniumLibrary">
<msg time="2024-11-15T19:57:53.849519" level="INFO">Typing text 'secret_sauce' into text field 'id=password'.</msg>
<arg>id=password</arg>
<arg>${LOGIN_DATA["correctData"]["password"]}</arg>
<doc>Types the given ``text`` into the text field identified by ``locator``.</doc>
<status status="PASS" start="2024-11-15T19:57:53.848200" elapsed="0.138557"/>
</kw>
<status status="PASS" start="2024-11-15T19:57:53.782397" elapsed="0.204641"/>
</kw>
<kw name="I click on the login button" owner="login_keywords">
<kw name="Click Button" owner="SeleniumLibrary">
<msg time="2024-11-15T19:57:53.989244" level="INFO">Clicking button 'id=login-button'.</msg>
<arg>id=login-button</arg>
<doc>Clicks the button identified by ``locator``.</doc>
<status status="PASS" start="2024-11-15T19:57:53.988603" elapsed="0.090366"/>
</kw>
<status status="PASS" start="2024-11-15T19:57:53.987846" elapsed="0.091518"/>
</kw>
<kw name="I am able to see the expected error message for no username" owner="login_keywords">
<kw name="Wait Until Element Contains" owner="SeleniumLibrary">
<arg>class=error-message-container</arg>
<arg>${ERROR_MESSAGES["noUsername"]}</arg>
<doc>Waits until the element ``locator`` contains ``text``.</doc>
<status status="PASS" start="2024-11-15T19:57:54.081801" elapsed="0.024317"/>
</kw>
<status status="PASS" start="2024-11-15T19:57:54.080298" elapsed="0.026106"/>
</kw>
<status status="PASS" start="2024-11-15T19:57:53.572987" elapsed="0.533994"/>
</test>
<test id="s1-t4" name="Unseccessful Login - No Password" line="24">
<kw name="I navigate to the login page" owner="login_keywords">
<kw name="Go To" owner="SeleniumLibrary">
<msg time="2024-11-15T19:57:54.111540" level="INFO">Opening url 'https://www.saucedemo.com'</msg>
<arg>${URL_DATA["baseUrl"]}</arg>
<doc>Navigates the current browser window to the provided ``url``.</doc>
<status status="PASS" start="2024-11-15T19:57:54.110839" elapsed="0.091018"/>
</kw>
<status status="PASS" start="2024-11-15T19:57:54.110309" elapsed="0.092076"/>
</kw>
<kw name="I input only the Username" owner="login_keywords">
<kw name="Wait Until Element Is Visible" owner="SeleniumLibrary">
<arg>id=user-name</arg>
<doc>Waits until the element ``locator`` is visible.</doc>
<status status="PASS" start="2024-11-15T19:57:54.207478" elapsed="0.044738"/>
</kw>
<kw name="Input Text" owner="SeleniumLibrary">
<msg time="2024-11-15T19:57:54.253711" level="INFO">Typing text 'standard_user' into text field 'id=user-name'.</msg>
<arg>id=user-name</arg>
<arg>${LOGIN_DATA["correctData"]["username"]}</arg>
<doc>Types the given ``text`` into the text field identified by ``locator``.</doc>
<status status="PASS" start="2024-11-15T19:57:54.252708" elapsed="0.109144"/>
</kw>
<status status="PASS" start="2024-11-15T19:57:54.206009" elapsed="0.156203"/>
</kw>
<kw name="I click on the login button" owner="login_keywords">
<kw name="Click Button" owner="SeleniumLibrary">
<msg time="2024-11-15T19:57:54.364193" level="INFO">Clicking button 'id=login-button'.</msg>
<arg>id=login-button</arg>
<doc>Clicks the button identified by ``locator``.</doc>
<status status="PASS" start="2024-11-15T19:57:54.363693" elapsed="0.087822"/>
</kw>
<status status="PASS" start="2024-11-15T19:57:54.362977" elapsed="0.089095"/>
</kw>
<kw name="I am able to see the expected error message for no password" owner="login_keywords">
<kw name="Wait Until Element Contains" owner="SeleniumLibrary">
<arg>class=error-message-container</arg>
<arg>${ERROR_MESSAGES["noPassword"]}</arg>
<doc>Waits until the element ``locator`` contains ``text``.</doc>
<status status="PASS" start="2024-11-15T19:57:54.454709" elapsed="0.021073"/>
</kw>
<status status="PASS" start="2024-11-15T19:57:54.453848" elapsed="0.022255"/>
</kw>
<status status="PASS" start="2024-11-15T19:57:54.109151" elapsed="0.367864"/>
</test>
<test id="s1-t5" name="Unseccessful Login - Wrong Credentials" line="30">
<kw name="I navigate to the login page" owner="login_keywords">
<kw name="Go To" owner="SeleniumLibrary">
<msg time="2024-11-15T19:57:54.481053" level="INFO">Opening url 'https://www.saucedemo.com'</msg>
<arg>${URL_DATA["baseUrl"]}</arg>
<doc>Navigates the current browser window to the provided ``url``.</doc>
<status status="PASS" start="2024-11-15T19:57:54.480417" elapsed="0.096905"/>
</kw>
<status status="PASS" start="2024-11-15T19:57:54.479987" elapsed="0.099967"/>
</kw>
<kw name="I input wrong credentials" owner="login_keywords">
<kw name="Wait Until Element Is Visible" owner="SeleniumLibrary">
<arg>id=user-name</arg>
<doc>Waits until the element ``locator`` is visible.</doc>
<status status="PASS" start="2024-11-15T19:57:54.586183" elapsed="0.041097"/>
</kw>
<kw name="Input Text" owner="SeleniumLibrary">
<msg time="2024-11-15T19:57:54.628645" level="INFO">Typing text 'invalidUser' into text field 'id=user-name'.</msg>
<arg>id=user-name</arg>
<arg>${LOGIN_DATA["wrongData"]["username"]}</arg>
<doc>Types the given ``text`` into the text field identified by ``locator``.</doc>
<status status="PASS" start="2024-11-15T19:57:54.627784" elapsed="0.109530"/>
</kw>
<kw name="Input Text" owner="SeleniumLibrary">
<msg time="2024-11-15T19:57:54.738421" level="INFO">Typing text 'invalidPassword' into text field 'id=password'.</msg>
<arg>id=password</arg>
<arg>${LOGIN_DATA["wrongData"]["password"]}</arg>
<doc>Types the given ``text`` into the text field identified by ``locator``.</doc>
<status status="PASS" start="2024-11-15T19:57:54.737665" elapsed="0.104360"/>
</kw>
<status status="PASS" start="2024-11-15T19:57:54.584130" elapsed="0.258254"/>
</kw>
<kw name="I click on the login button" owner="login_keywords">
<kw name="Click Button" owner="SeleniumLibrary">
<msg time="2024-11-15T19:57:54.845659" level="INFO">Clicking button 'id=login-button'.</msg>
<arg>id=login-button</arg>
<doc>Clicks the button identified by ``locator``.</doc>
<status status="PASS" start="2024-11-15T19:57:54.844847" elapsed="0.103571"/>
</kw>
<status status="PASS" start="2024-11-15T19:57:54.843885" elapsed="0.104954"/>
</kw>
<kw name="I am able to see the expected error message for wrong credentials" owner="login_keywords">
<kw name="Wait Until Element Contains" owner="SeleniumLibrary">
<arg>class=error-message-container</arg>
<arg>${ERROR_MESSAGES["wrongCredentials"]}</arg>
<doc>Waits until the element ``locator`` contains ``text``.</doc>
<status status="PASS" start="2024-11-15T19:57:54.951026" elapsed="0.023920"/>
</kw>
<status status="PASS" start="2024-11-15T19:57:54.949835" elapsed="0.025418"/>
</kw>
<status status="PASS" start="2024-11-15T19:57:54.479102" elapsed="0.499206"/>
</test>
<status status="PASS" start="2024-11-15T19:57:46.672442" elapsed="8.310537"/>
</suite>
<statistics>
<total>
<stat pass="5" fail="0" skip="0">All Tests</stat>
</total>
<tag>
</tag>
<suite>
<stat pass="5" fail="0" skip="0" id="s1" name="Login Steps">Login Steps</stat>
</suite>
</statistics>
<errors>
</errors>
</robot>
